The system is: Linux - 4.4.0-28-generic - x86_64
Compiling the C compiler identification source file "CMakeCCompilerId.c" succeeded.
Compiler: /usr/bin/cc 
Build flags: ;-O0;-ffunction-sections;-fdata-sections;-m64;-fPIC
Id flags: 

The output was:
0


Compilation of the C compiler identification source "CMakeCCompilerId.c" produced "a.out"

The C compiler identification is GNU, found in "/home/corgi/Work/Rust/git-ls-l/target/debug/build/libssh2-sys-cbc6fdd97830bc3a/out/build/CMakeFiles/3.5.1/CompilerIdC/a.out"

Determining if the C compiler works passed with the following output:
Change Dir: /home/corgi/Work/Rust/git-ls-l/target/debug/build/libssh2-sys-cbc6fdd97830bc3a/out/build/CMakeFiles/CMakeTmp

Run Build Command:"/usr/bin/make" "cmTC_8982b/fast"
/usr/bin/make -f CMakeFiles/cmTC_8982b.dir/build.make CMakeFiles/cmTC_8982b.dir/build
make[1]: Entering directory '/home/corgi/Work/Rust/git-ls-l/target/debug/build/libssh2-sys-cbc6fdd97830bc3a/out/build/CMakeFiles/CMakeTmp'
Building C object CMakeFiles/cmTC_8982b.dir/testCCompiler.c.o
/usr/bin/cc    -O0 -ffunction-sections -fdata-sections -m64 -fPIC    -o CMakeFiles/cmTC_8982b.dir/testCCompiler.c.o   -c /home/corgi/Work/Rust/git-ls-l/target/debug/build/libssh2-sys-cbc6fdd97830bc3a/out/build/CMakeFiles/CMakeTmp/testCCompiler.c
Linking C executable cmTC_8982b
/usr/bin/cmake -E cmake_link_script CMakeFiles/cmTC_8982b.dir/link.txt --verbose=1
/usr/bin/cc   -O0 -ffunction-sections -fdata-sections -m64 -fPIC     CMakeFiles/cmTC_8982b.dir/testCCompiler.c.o  -o cmTC_8982b -rdynamic 
make[1]: Leaving directory '/home/corgi/Work/Rust/git-ls-l/target/debug/build/libssh2-sys-cbc6fdd97830bc3a/out/build/CMakeFiles/CMakeTmp'


Detecting C compiler ABI info compiled with the following output:
Change Dir: /home/corgi/Work/Rust/git-ls-l/target/debug/build/libssh2-sys-cbc6fdd97830bc3a/out/build/CMakeFiles/CMakeTmp

Run Build Command:"/usr/bin/make" "cmTC_2b947/fast"
/usr/bin/make -f CMakeFiles/cmTC_2b947.dir/build.make CMakeFiles/cmTC_2b947.dir/build
make[1]: Entering directory '/home/corgi/Work/Rust/git-ls-l/target/debug/build/libssh2-sys-cbc6fdd97830bc3a/out/build/CMakeFiles/CMakeTmp'
Building C object CMakeFiles/cmTC_2b947.dir/CMakeCCompilerABI.c.o
/usr/bin/cc    -O0 -ffunction-sections -fdata-sections -m64 -fPIC    -o CMakeFiles/cmTC_2b947.dir/CMakeCCompilerABI.c.o   -c /usr/share/cmake-3.5/Modules/CMakeCCompilerABI.c
Linking C executable cmTC_2b947
/usr/bin/cmake -E cmake_link_script CMakeFiles/cmTC_2b947.dir/link.txt --verbose=1
/usr/bin/cc   -O0 -ffunction-sections -fdata-sections -m64 -fPIC    -v CMakeFiles/cmTC_2b947.dir/CMakeCCompilerABI.c.o  -o cmTC_2b947 -rdynamic  
Using built-in specs.
COLLECT_GCC=/usr/bin/cc
COLLECT_LTO_WRAPPER=/usr/lib/gcc/x86_64-linux-gnu/5/lto-wrapper
Target: x86_64-linux-gnu
Configured with: ../src/configure -v --with-pkgversion='Ubuntu 5.3.1-14ubuntu2.1' --with-bugurl=file:///usr/share/doc/gcc-5/README.Bugs --enable-languages=c,ada,c++,java,go,d,fortran,objc,obj-c++ --prefix=/usr --program-suffix=-5 --enable-shared --enable-linker-build-id --libexecdir=/usr/lib --without-included-gettext --enable-threads=posix --libdir=/usr/lib --enable-nls --with-sysroot=/ --enable-clocale=gnu --enable-libstdcxx-debug --enable-libstdcxx-time=yes --with-default-libstdcxx-abi=new --enable-gnu-unique-object --disable-vtable-verify --enable-libmpx --enable-plugin --with-system-zlib --disable-browser-plugin --enable-java-awt=gtk --enable-gtk-cairo --with-java-home=/usr/lib/jvm/java-1.5.0-gcj-5-amd64/jre --enable-java-home --with-jvm-root-dir=/usr/lib/jvm/java-1.5.0-gcj-5-amd64 --with-jvm-jar-dir=/usr/lib/jvm-exports/java-1.5.0-gcj-5-amd64 --with-arch-directory=amd64 --with-ecj-jar=/usr/share/java/eclipse-ecj.jar --enable-objc-gc --enable-multiarch --disable-werror --with-arch-32=i686 --with-abi=m64 --with-multilib-list=m32,m64,mx32 --enable-multilib --with-tune=generic --enable-checking=release --build=x86_64-linux-gnu --host=x86_64-linux-gnu --target=x86_64-linux-gnu
Thread model: posix
gcc version 5.3.1 20160413 (Ubuntu 5.3.1-14ubuntu2.1) 
COMPILER_PATH=/usr/lib/gcc/x86_64-linux-gnu/5/:/usr/lib/gcc/x86_64-linux-gnu/5/:/usr/lib/gcc/x86_64-linux-gnu/:/usr/lib/gcc/x86_64-linux-gnu/5/:/usr/lib/gcc/x86_64-linux-gnu/
LIBRARY_PATH=/usr/lib/gcc/x86_64-linux-gnu/5/:/usr/lib/gcc/x86_64-linux-gnu/5/../../../x86_64-linux-gnu/:/usr/lib/gcc/x86_64-linux-gnu/5/../../../../lib/:/lib/x86_64-linux-gnu/:/lib/../lib/:/usr/lib/x86_64-linux-gnu/:/usr/lib/../lib/:/usr/lib/gcc/x86_64-linux-gnu/5/../../../:/lib/:/usr/lib/
COLLECT_GCC_OPTIONS='-O0' '-ffunction-sections' '-fdata-sections' '-m64' '-fPIC' '-v' '-o' 'cmTC_2b947' '-rdynamic' '-mtune=generic' '-march=x86-64'
 /usr/lib/gcc/x86_64-linux-gnu/5/collect2 -plugin /usr/lib/gcc/x86_64-linux-gnu/5/liblto_plugin.so -plugin-opt=/usr/lib/gcc/x86_64-linux-gnu/5/lto-wrapper -plugin-opt=-fresolution=/tmp/ccDX4Dn1.res -plugin-opt=-pass-through=-lgcc -plugin-opt=-pass-through=-lgcc_s -plugin-opt=-pass-through=-lc -plugin-opt=-pass-through=-lgcc -plugin-opt=-pass-through=-lgcc_s --sysroot=/ --build-id --eh-frame-hdr -m elf_x86_64 --hash-style=gnu --as-needed -export-dynamic -dynamic-linker /lib64/ld-linux-x86-64.so.2 -z relro -o cmTC_2b947 /usr/lib/gcc/x86_64-linux-gnu/5/../../../x86_64-linux-gnu/crt1.o /usr/lib/gcc/x86_64-linux-gnu/5/../../../x86_64-linux-gnu/crti.o /usr/lib/gcc/x86_64-linux-gnu/5/crtbegin.o -L/usr/lib/gcc/x86_64-linux-gnu/5 -L/usr/lib/gcc/x86_64-linux-gnu/5/../../../x86_64-linux-gnu -L/usr/lib/gcc/x86_64-linux-gnu/5/../../../../lib -L/lib/x86_64-linux-gnu -L/lib/../lib -L/usr/lib/x86_64-linux-gnu -L/usr/lib/../lib -L/usr/lib/gcc/x86_64-linux-gnu/5/../../.. CMakeFiles/cmTC_2b947.dir/CMakeCCompilerABI.c.o -lgcc --as-needed -lgcc_s --no-as-needed -lc -lgcc --as-needed -lgcc_s --no-as-needed /usr/lib/gcc/x86_64-linux-gnu/5/crtend.o /usr/lib/gcc/x86_64-linux-gnu/5/../../../x86_64-linux-gnu/crtn.o
make[1]: Leaving directory '/home/corgi/Work/Rust/git-ls-l/target/debug/build/libssh2-sys-cbc6fdd97830bc3a/out/build/CMakeFiles/CMakeTmp'


Parsed C implicit link information from above output:
  link line regex: [^( *|.*[/\])(ld|([^/\]+-)?ld|collect2)[^/\]*( |$)]
  ignore line: [Change Dir: /home/corgi/Work/Rust/git-ls-l/target/debug/build/libssh2-sys-cbc6fdd97830bc3a/out/build/CMakeFiles/CMakeTmp]
  ignore line: []
  ignore line: [Run Build Command:"/usr/bin/make" "cmTC_2b947/fast"]
  ignore line: [/usr/bin/make -f CMakeFiles/cmTC_2b947.dir/build.make CMakeFiles/cmTC_2b947.dir/build]
  ignore line: [make[1]: Entering directory '/home/corgi/Work/Rust/git-ls-l/target/debug/build/libssh2-sys-cbc6fdd97830bc3a/out/build/CMakeFiles/CMakeTmp']
  ignore line: [Building C object CMakeFiles/cmTC_2b947.dir/CMakeCCompilerABI.c.o]
  ignore line: [/usr/bin/cc    -O0 -ffunction-sections -fdata-sections -m64 -fPIC    -o CMakeFiles/cmTC_2b947.dir/CMakeCCompilerABI.c.o   -c /usr/share/cmake-3.5/Modules/CMakeCCompilerABI.c]
  ignore line: [Linking C executable cmTC_2b947]
  ignore line: [/usr/bin/cmake -E cmake_link_script CMakeFiles/cmTC_2b947.dir/link.txt --verbose=1]
  ignore line: [/usr/bin/cc   -O0 -ffunction-sections -fdata-sections -m64 -fPIC    -v CMakeFiles/cmTC_2b947.dir/CMakeCCompilerABI.c.o  -o cmTC_2b947 -rdynamic  ]
  ignore line: [Using built-in specs.]
  ignore line: [COLLECT_GCC=/usr/bin/cc]
  ignore line: [COLLECT_LTO_WRAPPER=/usr/lib/gcc/x86_64-linux-gnu/5/lto-wrapper]
  ignore line: [Target: x86_64-linux-gnu]
  ignore line: [Configured with: ../src/configure -v --with-pkgversion='Ubuntu 5.3.1-14ubuntu2.1' --with-bugurl=file:///usr/share/doc/gcc-5/README.Bugs --enable-languages=c,ada,c++,java,go,d,fortran,objc,obj-c++ --prefix=/usr --program-suffix=-5 --enable-shared --enable-linker-build-id --libexecdir=/usr/lib --without-included-gettext --enable-threads=posix --libdir=/usr/lib --enable-nls --with-sysroot=/ --enable-clocale=gnu --enable-libstdcxx-debug --enable-libstdcxx-time=yes --with-default-libstdcxx-abi=new --enable-gnu-unique-object --disable-vtable-verify --enable-libmpx --enable-plugin --with-system-zlib --disable-browser-plugin --enable-java-awt=gtk --enable-gtk-cairo --with-java-home=/usr/lib/jvm/java-1.5.0-gcj-5-amd64/jre --enable-java-home --with-jvm-root-dir=/usr/lib/jvm/java-1.5.0-gcj-5-amd64 --with-jvm-jar-dir=/usr/lib/jvm-exports/java-1.5.0-gcj-5-amd64 --with-arch-directory=amd64 --with-ecj-jar=/usr/share/java/eclipse-ecj.jar --enable-objc-gc --enable-multiarch --disable-werror --with-arch-32=i686 --with-abi=m64 --with-multilib-list=m32,m64,mx32 --enable-multilib --with-tune=generic --enable-checking=release --build=x86_64-linux-gnu --host=x86_64-linux-gnu --target=x86_64-linux-gnu]
  ignore line: [Thread model: posix]
  ignore line: [gcc version 5.3.1 20160413 (Ubuntu 5.3.1-14ubuntu2.1) ]
  ignore line: [COMPILER_PATH=/usr/lib/gcc/x86_64-linux-gnu/5/:/usr/lib/gcc/x86_64-linux-gnu/5/:/usr/lib/gcc/x86_64-linux-gnu/:/usr/lib/gcc/x86_64-linux-gnu/5/:/usr/lib/gcc/x86_64-linux-gnu/]
  ignore line: [LIBRARY_PATH=/usr/lib/gcc/x86_64-linux-gnu/5/:/usr/lib/gcc/x86_64-linux-gnu/5/../../../x86_64-linux-gnu/:/usr/lib/gcc/x86_64-linux-gnu/5/../../../../lib/:/lib/x86_64-linux-gnu/:/lib/../lib/:/usr/lib/x86_64-linux-gnu/:/usr/lib/../lib/:/usr/lib/gcc/x86_64-linux-gnu/5/../../../:/lib/:/usr/lib/]
  ignore line: [COLLECT_GCC_OPTIONS='-O0' '-ffunction-sections' '-fdata-sections' '-m64' '-fPIC' '-v' '-o' 'cmTC_2b947' '-rdynamic' '-mtune=generic' '-march=x86-64']
  link line: [ /usr/lib/gcc/x86_64-linux-gnu/5/collect2 -plugin /usr/lib/gcc/x86_64-linux-gnu/5/liblto_plugin.so -plugin-opt=/usr/lib/gcc/x86_64-linux-gnu/5/lto-wrapper -plugin-opt=-fresolution=/tmp/ccDX4Dn1.res -plugin-opt=-pass-through=-lgcc -plugin-opt=-pass-through=-lgcc_s -plugin-opt=-pass-through=-lc -plugin-opt=-pass-through=-lgcc -plugin-opt=-pass-through=-lgcc_s --sysroot=/ --build-id --eh-frame-hdr -m elf_x86_64 --hash-style=gnu --as-needed -export-dynamic -dynamic-linker /lib64/ld-linux-x86-64.so.2 -z relro -o cmTC_2b947 /usr/lib/gcc/x86_64-linux-gnu/5/../../../x86_64-linux-gnu/crt1.o /usr/lib/gcc/x86_64-linux-gnu/5/../../../x86_64-linux-gnu/crti.o /usr/lib/gcc/x86_64-linux-gnu/5/crtbegin.o -L/usr/lib/gcc/x86_64-linux-gnu/5 -L/usr/lib/gcc/x86_64-linux-gnu/5/../../../x86_64-linux-gnu -L/usr/lib/gcc/x86_64-linux-gnu/5/../../../../lib -L/lib/x86_64-linux-gnu -L/lib/../lib -L/usr/lib/x86_64-linux-gnu -L/usr/lib/../lib -L/usr/lib/gcc/x86_64-linux-gnu/5/../../.. CMakeFiles/cmTC_2b947.dir/CMakeCCompilerABI.c.o -lgcc --as-needed -lgcc_s --no-as-needed -lc -lgcc --as-needed -lgcc_s --no-as-needed /usr/lib/gcc/x86_64-linux-gnu/5/crtend.o /usr/lib/gcc/x86_64-linux-gnu/5/../../../x86_64-linux-gnu/crtn.o]
    arg [/usr/lib/gcc/x86_64-linux-gnu/5/collect2] ==> ignore
    arg [-plugin] ==> ignore
    arg [/usr/lib/gcc/x86_64-linux-gnu/5/liblto_plugin.so] ==> ignore
    arg [-plugin-opt=/usr/lib/gcc/x86_64-linux-gnu/5/lto-wrapper] ==> ignore
    arg [-plugin-opt=-fresolution=/tmp/ccDX4Dn1.res] ==> ignore
    arg [-plugin-opt=-pass-through=-lgcc] ==> ignore
    arg [-plugin-opt=-pass-through=-lgcc_s] ==> ignore
    arg [-plugin-opt=-pass-through=-lc] ==> ignore
    arg [-plugin-opt=-pass-through=-lgcc] ==> ignore
    arg [-plugin-opt=-pass-through=-lgcc_s] ==> ignore
    arg [--sysroot=/] ==> ignore
    arg [--build-id] ==> ignore
    arg [--eh-frame-hdr] ==> ignore
    arg [-m] ==> ignore
    arg [elf_x86_64] ==> ignore
    arg [--hash-style=gnu] ==> ignore
    arg [--as-needed] ==> ignore
    arg [-export-dynamic] ==> ignore
    arg [-dynamic-linker] ==> ignore
    arg [/lib64/ld-linux-x86-64.so.2] ==> ignore
    arg [-zrelro] ==> ignore
    arg [-o] ==> ignore
    arg [cmTC_2b947] ==> ignore
    arg [/usr/lib/gcc/x86_64-linux-gnu/5/../../../x86_64-linux-gnu/crt1.o] ==> ignore
    arg [/usr/lib/gcc/x86_64-linux-gnu/5/../../../x86_64-linux-gnu/crti.o] ==> ignore
    arg [/usr/lib/gcc/x86_64-linux-gnu/5/crtbegin.o] ==> ignore
    arg [-L/usr/lib/gcc/x86_64-linux-gnu/5] ==> dir [/usr/lib/gcc/x86_64-linux-gnu/5]
    arg [-L/usr/lib/gcc/x86_64-linux-gnu/5/../../../x86_64-linux-gnu] ==> dir [/usr/lib/gcc/x86_64-linux-gnu/5/../../../x86_64-linux-gnu]
    arg [-L/usr/lib/gcc/x86_64-linux-gnu/5/../../../../lib] ==> dir [/usr/lib/gcc/x86_64-linux-gnu/5/../../../../lib]
    arg [-L/lib/x86_64-linux-gnu] ==> dir [/lib/x86_64-linux-gnu]
    arg [-L/lib/../lib] ==> dir [/lib/../lib]
    arg [-L/usr/lib/x86_64-linux-gnu] ==> dir [/usr/lib/x86_64-linux-gnu]
    arg [-L/usr/lib/../lib] ==> dir [/usr/lib/../lib]
    arg [-L/usr/lib/gcc/x86_64-linux-gnu/5/../../..] ==> dir [/usr/lib/gcc/x86_64-linux-gnu/5/../../..]
    arg [CMakeFiles/cmTC_2b947.dir/CMakeCCompilerABI.c.o] ==> ignore
    arg [-lgcc] ==> lib [gcc]
    arg [--as-needed] ==> ignore
    arg [-lgcc_s] ==> lib [gcc_s]
    arg [--no-as-needed] ==> ignore
    arg [-lc] ==> lib [c]
    arg [-lgcc] ==> lib [gcc]
    arg [--as-needed] ==> ignore
    arg [-lgcc_s] ==> lib [gcc_s]
    arg [--no-as-needed] ==> ignore
    arg [/usr/lib/gcc/x86_64-linux-gnu/5/crtend.o] ==> ignore
    arg [/usr/lib/gcc/x86_64-linux-gnu/5/../../../x86_64-linux-gnu/crtn.o] ==> ignore
  remove lib [gcc]
  remove lib [gcc_s]
  remove lib [gcc]
  remove lib [gcc_s]
  collapse library dir [/usr/lib/gcc/x86_64-linux-gnu/5] ==> [/usr/lib/gcc/x86_64-linux-gnu/5]
  collapse library dir [/usr/lib/gcc/x86_64-linux-gnu/5/../../../x86_64-linux-gnu] ==> [/usr/lib/x86_64-linux-gnu]
  collapse library dir [/usr/lib/gcc/x86_64-linux-gnu/5/../../../../lib] ==> [/usr/lib]
  collapse library dir [/lib/x86_64-linux-gnu] ==> [/lib/x86_64-linux-gnu]
  collapse library dir [/lib/../lib] ==> [/lib]
  collapse library dir [/usr/lib/x86_64-linux-gnu] ==> [/usr/lib/x86_64-linux-gnu]
  collapse library dir [/usr/lib/../lib] ==> [/usr/lib]
  collapse library dir [/usr/lib/gcc/x86_64-linux-gnu/5/../../..] ==> [/usr/lib]
  implicit libs: [c]
  implicit dirs: [/usr/lib/gcc/x86_64-linux-gnu/5;/usr/lib/x86_64-linux-gnu;/usr/lib;/lib/x86_64-linux-gnu;/lib]
  implicit fwks: []




Detecting C [-std=c11] compiler features compiled with the following output:
Change Dir: /home/corgi/Work/Rust/git-ls-l/target/debug/build/libssh2-sys-cbc6fdd97830bc3a/out/build/CMakeFiles/CMakeTmp

Run Build Command:"/usr/bin/make" "cmTC_2b579/fast"
/usr/bin/make -f CMakeFiles/cmTC_2b579.dir/build.make CMakeFiles/cmTC_2b579.dir/build
make[1]: Entering directory '/home/corgi/Work/Rust/git-ls-l/target/debug/build/libssh2-sys-cbc6fdd97830bc3a/out/build/CMakeFiles/CMakeTmp'
Building C object CMakeFiles/cmTC_2b579.dir/feature_tests.c.o
/usr/bin/cc    -O0 -ffunction-sections -fdata-sections -m64 -fPIC    -std=c11 -o CMakeFiles/cmTC_2b579.dir/feature_tests.c.o   -c /home/corgi/Work/Rust/git-ls-l/target/debug/build/libssh2-sys-cbc6fdd97830bc3a/out/build/CMakeFiles/feature_tests.c
Linking C executable cmTC_2b579
/usr/bin/cmake -E cmake_link_script CMakeFiles/cmTC_2b579.dir/link.txt --verbose=1
/usr/bin/cc   -O0 -ffunction-sections -fdata-sections -m64 -fPIC     CMakeFiles/cmTC_2b579.dir/feature_tests.c.o  -o cmTC_2b579 -rdynamic 
make[1]: Leaving directory '/home/corgi/Work/Rust/git-ls-l/target/debug/build/libssh2-sys-cbc6fdd97830bc3a/out/build/CMakeFiles/CMakeTmp'


    Feature record: C_FEATURE:1c_function_prototypes
    Feature record: C_FEATURE:1c_restrict
    Feature record: C_FEATURE:1c_static_assert
    Feature record: C_FEATURE:1c_variadic_macros


Detecting C [-std=c99] compiler features compiled with the following output:
Change Dir: /home/corgi/Work/Rust/git-ls-l/target/debug/build/libssh2-sys-cbc6fdd97830bc3a/out/build/CMakeFiles/CMakeTmp

Run Build Command:"/usr/bin/make" "cmTC_8634c/fast"
/usr/bin/make -f CMakeFiles/cmTC_8634c.dir/build.make CMakeFiles/cmTC_8634c.dir/build
make[1]: Entering directory '/home/corgi/Work/Rust/git-ls-l/target/debug/build/libssh2-sys-cbc6fdd97830bc3a/out/build/CMakeFiles/CMakeTmp'
Building C object CMakeFiles/cmTC_8634c.dir/feature_tests.c.o
/usr/bin/cc    -O0 -ffunction-sections -fdata-sections -m64 -fPIC    -std=c99 -o CMakeFiles/cmTC_8634c.dir/feature_tests.c.o   -c /home/corgi/Work/Rust/git-ls-l/target/debug/build/libssh2-sys-cbc6fdd97830bc3a/out/build/CMakeFiles/feature_tests.c
Linking C executable cmTC_8634c
/usr/bin/cmake -E cmake_link_script CMakeFiles/cmTC_8634c.dir/link.txt --verbose=1
/usr/bin/cc   -O0 -ffunction-sections -fdata-sections -m64 -fPIC     CMakeFiles/cmTC_8634c.dir/feature_tests.c.o  -o cmTC_8634c -rdynamic 
make[1]: Leaving directory '/home/corgi/Work/Rust/git-ls-l/target/debug/build/libssh2-sys-cbc6fdd97830bc3a/out/build/CMakeFiles/CMakeTmp'


    Feature record: C_FEATURE:1c_function_prototypes
    Feature record: C_FEATURE:1c_restrict
    Feature record: C_FEATURE:0c_static_assert
    Feature record: C_FEATURE:1c_variadic_macros


Detecting C [-std=c90] compiler features compiled with the following output:
Change Dir: /home/corgi/Work/Rust/git-ls-l/target/debug/build/libssh2-sys-cbc6fdd97830bc3a/out/build/CMakeFiles/CMakeTmp

Run Build Command:"/usr/bin/make" "cmTC_5a9ab/fast"
/usr/bin/make -f CMakeFiles/cmTC_5a9ab.dir/build.make CMakeFiles/cmTC_5a9ab.dir/build
make[1]: Entering directory '/home/corgi/Work/Rust/git-ls-l/target/debug/build/libssh2-sys-cbc6fdd97830bc3a/out/build/CMakeFiles/CMakeTmp'
Building C object CMakeFiles/cmTC_5a9ab.dir/feature_tests.c.o
/usr/bin/cc    -O0 -ffunction-sections -fdata-sections -m64 -fPIC    -std=c90 -o CMakeFiles/cmTC_5a9ab.dir/feature_tests.c.o   -c /home/corgi/Work/Rust/git-ls-l/target/debug/build/libssh2-sys-cbc6fdd97830bc3a/out/build/CMakeFiles/feature_tests.c
Linking C executable cmTC_5a9ab
/usr/bin/cmake -E cmake_link_script CMakeFiles/cmTC_5a9ab.dir/link.txt --verbose=1
/usr/bin/cc   -O0 -ffunction-sections -fdata-sections -m64 -fPIC     CMakeFiles/cmTC_5a9ab.dir/feature_tests.c.o  -o cmTC_5a9ab -rdynamic 
make[1]: Leaving directory '/home/corgi/Work/Rust/git-ls-l/target/debug/build/libssh2-sys-cbc6fdd97830bc3a/out/build/CMakeFiles/CMakeTmp'


    Feature record: C_FEATURE:1c_function_prototypes
    Feature record: C_FEATURE:0c_restrict
    Feature record: C_FEATURE:0c_static_assert
    Feature record: C_FEATURE:0c_variadic_macros
Determining if the function EVP_aes_128_ctr exists passed with the following output:
Change Dir: /home/corgi/Work/Rust/git-ls-l/target/debug/build/libssh2-sys-cbc6fdd97830bc3a/out/build/CMakeFiles/CMakeTmp

Run Build Command:"/usr/bin/make" "cmTC_13cdf/fast"
/usr/bin/make -f CMakeFiles/cmTC_13cdf.dir/build.make CMakeFiles/cmTC_13cdf.dir/build
make[1]: Entering directory '/home/corgi/Work/Rust/git-ls-l/target/debug/build/libssh2-sys-cbc6fdd97830bc3a/out/build/CMakeFiles/CMakeTmp'
Building C object CMakeFiles/cmTC_13cdf.dir/CheckFunctionExists.c.o
/usr/bin/cc    -O0 -ffunction-sections -fdata-sections -m64 -fPIC -Wall -DCHECK_FUNCTION_EXISTS=EVP_aes_128_ctr   -o CMakeFiles/cmTC_13cdf.dir/CheckFunctionExists.c.o   -c /usr/share/cmake-3.5/Modules/CheckFunctionExists.c
Linking C executable cmTC_13cdf
/usr/bin/cmake -E cmake_link_script CMakeFiles/cmTC_13cdf.dir/link.txt --verbose=1
/usr/bin/cc   -O0 -ffunction-sections -fdata-sections -m64 -fPIC -Wall -DCHECK_FUNCTION_EXISTS=EVP_aes_128_ctr    CMakeFiles/cmTC_13cdf.dir/CheckFunctionExists.c.o  -o cmTC_13cdf -rdynamic /usr/lib/x86_64-linux-gnu/libssl.so /usr/lib/x86_64-linux-gnu/libcrypto.so 
make[1]: Leaving directory '/home/corgi/Work/Rust/git-ls-l/target/debug/build/libssh2-sys-cbc6fdd97830bc3a/out/build/CMakeFiles/CMakeTmp'


Determining if files unistd.h exist passed with the following output:
Change Dir: /home/corgi/Work/Rust/git-ls-l/target/debug/build/libssh2-sys-cbc6fdd97830bc3a/out/build/CMakeFiles/CMakeTmp

Run Build Command:"/usr/bin/make" "cmTC_17509/fast"
/usr/bin/make -f CMakeFiles/cmTC_17509.dir/build.make CMakeFiles/cmTC_17509.dir/build
make[1]: Entering directory '/home/corgi/Work/Rust/git-ls-l/target/debug/build/libssh2-sys-cbc6fdd97830bc3a/out/build/CMakeFiles/CMakeTmp'
Building C object CMakeFiles/cmTC_17509.dir/CheckIncludeFiles.c.o
/usr/bin/cc    -O0 -ffunction-sections -fdata-sections -m64 -fPIC -Wall    -o CMakeFiles/cmTC_17509.dir/CheckIncludeFiles.c.o   -c /home/corgi/Work/Rust/git-ls-l/target/debug/build/libssh2-sys-cbc6fdd97830bc3a/out/build/CMakeFiles/CMakeTmp/CheckIncludeFiles.c
Linking C executable cmTC_17509
/usr/bin/cmake -E cmake_link_script CMakeFiles/cmTC_17509.dir/link.txt --verbose=1
/usr/bin/cc   -O0 -ffunction-sections -fdata-sections -m64 -fPIC -Wall     CMakeFiles/cmTC_17509.dir/CheckIncludeFiles.c.o  -o cmTC_17509 -rdynamic 
make[1]: Leaving directory '/home/corgi/Work/Rust/git-ls-l/target/debug/build/libssh2-sys-cbc6fdd97830bc3a/out/build/CMakeFiles/CMakeTmp'


Determining if files inttypes.h exist passed with the following output:
Change Dir: /home/corgi/Work/Rust/git-ls-l/target/debug/build/libssh2-sys-cbc6fdd97830bc3a/out/build/CMakeFiles/CMakeTmp

Run Build Command:"/usr/bin/make" "cmTC_63ad3/fast"
/usr/bin/make -f CMakeFiles/cmTC_63ad3.dir/build.make CMakeFiles/cmTC_63ad3.dir/build
make[1]: Entering directory '/home/corgi/Work/Rust/git-ls-l/target/debug/build/libssh2-sys-cbc6fdd97830bc3a/out/build/CMakeFiles/CMakeTmp'
Building C object CMakeFiles/cmTC_63ad3.dir/CheckIncludeFiles.c.o
/usr/bin/cc    -O0 -ffunction-sections -fdata-sections -m64 -fPIC -Wall    -o CMakeFiles/cmTC_63ad3.dir/CheckIncludeFiles.c.o   -c /home/corgi/Work/Rust/git-ls-l/target/debug/build/libssh2-sys-cbc6fdd97830bc3a/out/build/CMakeFiles/CMakeTmp/CheckIncludeFiles.c
Linking C executable cmTC_63ad3
/usr/bin/cmake -E cmake_link_script CMakeFiles/cmTC_63ad3.dir/link.txt --verbose=1
/usr/bin/cc   -O0 -ffunction-sections -fdata-sections -m64 -fPIC -Wall     CMakeFiles/cmTC_63ad3.dir/CheckIncludeFiles.c.o  -o cmTC_63ad3 -rdynamic 
make[1]: Leaving directory '/home/corgi/Work/Rust/git-ls-l/target/debug/build/libssh2-sys-cbc6fdd97830bc3a/out/build/CMakeFiles/CMakeTmp'


Determining if files stdlib.h exist passed with the following output:
Change Dir: /home/corgi/Work/Rust/git-ls-l/target/debug/build/libssh2-sys-cbc6fdd97830bc3a/out/build/CMakeFiles/CMakeTmp

Run Build Command:"/usr/bin/make" "cmTC_4d1a6/fast"
/usr/bin/make -f CMakeFiles/cmTC_4d1a6.dir/build.make CMakeFiles/cmTC_4d1a6.dir/build
make[1]: Entering directory '/home/corgi/Work/Rust/git-ls-l/target/debug/build/libssh2-sys-cbc6fdd97830bc3a/out/build/CMakeFiles/CMakeTmp'
Building C object CMakeFiles/cmTC_4d1a6.dir/CheckIncludeFiles.c.o
/usr/bin/cc    -O0 -ffunction-sections -fdata-sections -m64 -fPIC -Wall    -o CMakeFiles/cmTC_4d1a6.dir/CheckIncludeFiles.c.o   -c /home/corgi/Work/Rust/git-ls-l/target/debug/build/libssh2-sys-cbc6fdd97830bc3a/out/build/CMakeFiles/CMakeTmp/CheckIncludeFiles.c
Linking C executable cmTC_4d1a6
/usr/bin/cmake -E cmake_link_script CMakeFiles/cmTC_4d1a6.dir/link.txt --verbose=1
/usr/bin/cc   -O0 -ffunction-sections -fdata-sections -m64 -fPIC -Wall     CMakeFiles/cmTC_4d1a6.dir/CheckIncludeFiles.c.o  -o cmTC_4d1a6 -rdynamic 
make[1]: Leaving directory '/home/corgi/Work/Rust/git-ls-l/target/debug/build/libssh2-sys-cbc6fdd97830bc3a/out/build/CMakeFiles/CMakeTmp'


Determining if files sys/select.h exist passed with the following output:
Change Dir: /home/corgi/Work/Rust/git-ls-l/target/debug/build/libssh2-sys-cbc6fdd97830bc3a/out/build/CMakeFiles/CMakeTmp

Run Build Command:"/usr/bin/make" "cmTC_ebca8/fast"
/usr/bin/make -f CMakeFiles/cmTC_ebca8.dir/build.make CMakeFiles/cmTC_ebca8.dir/build
make[1]: Entering directory '/home/corgi/Work/Rust/git-ls-l/target/debug/build/libssh2-sys-cbc6fdd97830bc3a/out/build/CMakeFiles/CMakeTmp'
Building C object CMakeFiles/cmTC_ebca8.dir/CheckIncludeFiles.c.o
/usr/bin/cc    -O0 -ffunction-sections -fdata-sections -m64 -fPIC -Wall    -o CMakeFiles/cmTC_ebca8.dir/CheckIncludeFiles.c.o   -c /home/corgi/Work/Rust/git-ls-l/target/debug/build/libssh2-sys-cbc6fdd97830bc3a/out/build/CMakeFiles/CMakeTmp/CheckIncludeFiles.c
Linking C executable cmTC_ebca8
/usr/bin/cmake -E cmake_link_script CMakeFiles/cmTC_ebca8.dir/link.txt --verbose=1
/usr/bin/cc   -O0 -ffunction-sections -fdata-sections -m64 -fPIC -Wall     CMakeFiles/cmTC_ebca8.dir/CheckIncludeFiles.c.o  -o cmTC_ebca8 -rdynamic 
make[1]: Leaving directory '/home/corgi/Work/Rust/git-ls-l/target/debug/build/libssh2-sys-cbc6fdd97830bc3a/out/build/CMakeFiles/CMakeTmp'


Determining if files sys/uio.h exist passed with the following output:
Change Dir: /home/corgi/Work/Rust/git-ls-l/target/debug/build/libssh2-sys-cbc6fdd97830bc3a/out/build/CMakeFiles/CMakeTmp

Run Build Command:"/usr/bin/make" "cmTC_69eae/fast"
/usr/bin/make -f CMakeFiles/cmTC_69eae.dir/build.make CMakeFiles/cmTC_69eae.dir/build
make[1]: Entering directory '/home/corgi/Work/Rust/git-ls-l/target/debug/build/libssh2-sys-cbc6fdd97830bc3a/out/build/CMakeFiles/CMakeTmp'
Building C object CMakeFiles/cmTC_69eae.dir/CheckIncludeFiles.c.o
/usr/bin/cc    -O0 -ffunction-sections -fdata-sections -m64 -fPIC -Wall    -o CMakeFiles/cmTC_69eae.dir/CheckIncludeFiles.c.o   -c /home/corgi/Work/Rust/git-ls-l/target/debug/build/libssh2-sys-cbc6fdd97830bc3a/out/build/CMakeFiles/CMakeTmp/CheckIncludeFiles.c
Linking C executable cmTC_69eae
/usr/bin/cmake -E cmake_link_script CMakeFiles/cmTC_69eae.dir/link.txt --verbose=1
/usr/bin/cc   -O0 -ffunction-sections -fdata-sections -m64 -fPIC -Wall     CMakeFiles/cmTC_69eae.dir/CheckIncludeFiles.c.o  -o cmTC_69eae -rdynamic 
make[1]: Leaving directory '/home/corgi/Work/Rust/git-ls-l/target/debug/build/libssh2-sys-cbc6fdd97830bc3a/out/build/CMakeFiles/CMakeTmp'


Determining if files sys/socket.h exist passed with the following output:
Change Dir: /home/corgi/Work/Rust/git-ls-l/target/debug/build/libssh2-sys-cbc6fdd97830bc3a/out/build/CMakeFiles/CMakeTmp

Run Build Command:"/usr/bin/make" "cmTC_cfe5b/fast"
/usr/bin/make -f CMakeFiles/cmTC_cfe5b.dir/build.make CMakeFiles/cmTC_cfe5b.dir/build
make[1]: Entering directory '/home/corgi/Work/Rust/git-ls-l/target/debug/build/libssh2-sys-cbc6fdd97830bc3a/out/build/CMakeFiles/CMakeTmp'
Building C object CMakeFiles/cmTC_cfe5b.dir/CheckIncludeFiles.c.o
/usr/bin/cc    -O0 -ffunction-sections -fdata-sections -m64 -fPIC -Wall    -o CMakeFiles/cmTC_cfe5b.dir/CheckIncludeFiles.c.o   -c /home/corgi/Work/Rust/git-ls-l/target/debug/build/libssh2-sys-cbc6fdd97830bc3a/out/build/CMakeFiles/CMakeTmp/CheckIncludeFiles.c
Linking C executable cmTC_cfe5b
/usr/bin/cmake -E cmake_link_script CMakeFiles/cmTC_cfe5b.dir/link.txt --verbose=1
/usr/bin/cc   -O0 -ffunction-sections -fdata-sections -m64 -fPIC -Wall     CMakeFiles/cmTC_cfe5b.dir/CheckIncludeFiles.c.o  -o cmTC_cfe5b -rdynamic 
make[1]: Leaving directory '/home/corgi/Work/Rust/git-ls-l/target/debug/build/libssh2-sys-cbc6fdd97830bc3a/out/build/CMakeFiles/CMakeTmp'


Determining if files sys/ioctl.h exist passed with the following output:
Change Dir: /home/corgi/Work/Rust/git-ls-l/target/debug/build/libssh2-sys-cbc6fdd97830bc3a/out/build/CMakeFiles/CMakeTmp

Run Build Command:"/usr/bin/make" "cmTC_2c9be/fast"
/usr/bin/make -f CMakeFiles/cmTC_2c9be.dir/build.make CMakeFiles/cmTC_2c9be.dir/build
make[1]: Entering directory '/home/corgi/Work/Rust/git-ls-l/target/debug/build/libssh2-sys-cbc6fdd97830bc3a/out/build/CMakeFiles/CMakeTmp'
Building C object CMakeFiles/cmTC_2c9be.dir/CheckIncludeFiles.c.o
/usr/bin/cc    -O0 -ffunction-sections -fdata-sections -m64 -fPIC -Wall    -o CMakeFiles/cmTC_2c9be.dir/CheckIncludeFiles.c.o   -c /home/corgi/Work/Rust/git-ls-l/target/debug/build/libssh2-sys-cbc6fdd97830bc3a/out/build/CMakeFiles/CMakeTmp/CheckIncludeFiles.c
Linking C executable cmTC_2c9be
/usr/bin/cmake -E cmake_link_script CMakeFiles/cmTC_2c9be.dir/link.txt --verbose=1
/usr/bin/cc   -O0 -ffunction-sections -fdata-sections -m64 -fPIC -Wall     CMakeFiles/cmTC_2c9be.dir/CheckIncludeFiles.c.o  -o cmTC_2c9be -rdynamic 
make[1]: Leaving directory '/home/corgi/Work/Rust/git-ls-l/target/debug/build/libssh2-sys-cbc6fdd97830bc3a/out/build/CMakeFiles/CMakeTmp'


Determining if files sys/time.h exist passed with the following output:
Change Dir: /home/corgi/Work/Rust/git-ls-l/target/debug/build/libssh2-sys-cbc6fdd97830bc3a/out/build/CMakeFiles/CMakeTmp

Run Build Command:"/usr/bin/make" "cmTC_5c5de/fast"
/usr/bin/make -f CMakeFiles/cmTC_5c5de.dir/build.make CMakeFiles/cmTC_5c5de.dir/build
make[1]: Entering directory '/home/corgi/Work/Rust/git-ls-l/target/debug/build/libssh2-sys-cbc6fdd97830bc3a/out/build/CMakeFiles/CMakeTmp'
Building C object CMakeFiles/cmTC_5c5de.dir/CheckIncludeFiles.c.o
/usr/bin/cc    -O0 -ffunction-sections -fdata-sections -m64 -fPIC -Wall    -o CMakeFiles/cmTC_5c5de.dir/CheckIncludeFiles.c.o   -c /home/corgi/Work/Rust/git-ls-l/target/debug/build/libssh2-sys-cbc6fdd97830bc3a/out/build/CMakeFiles/CMakeTmp/CheckIncludeFiles.c
Linking C executable cmTC_5c5de
/usr/bin/cmake -E cmake_link_script CMakeFiles/cmTC_5c5de.dir/link.txt --verbose=1
/usr/bin/cc   -O0 -ffunction-sections -fdata-sections -m64 -fPIC -Wall     CMakeFiles/cmTC_5c5de.dir/CheckIncludeFiles.c.o  -o cmTC_5c5de -rdynamic 
make[1]: Leaving directory '/home/corgi/Work/Rust/git-ls-l/target/debug/build/libssh2-sys-cbc6fdd97830bc3a/out/build/CMakeFiles/CMakeTmp'


Determining if files sys/un.h exist passed with the following output:
Change Dir: /home/corgi/Work/Rust/git-ls-l/target/debug/build/libssh2-sys-cbc6fdd97830bc3a/out/build/CMakeFiles/CMakeTmp

Run Build Command:"/usr/bin/make" "cmTC_73813/fast"
/usr/bin/make -f CMakeFiles/cmTC_73813.dir/build.make CMakeFiles/cmTC_73813.dir/build
make[1]: Entering directory '/home/corgi/Work/Rust/git-ls-l/target/debug/build/libssh2-sys-cbc6fdd97830bc3a/out/build/CMakeFiles/CMakeTmp'
Building C object CMakeFiles/cmTC_73813.dir/CheckIncludeFiles.c.o
/usr/bin/cc    -O0 -ffunction-sections -fdata-sections -m64 -fPIC -Wall    -o CMakeFiles/cmTC_73813.dir/CheckIncludeFiles.c.o   -c /home/corgi/Work/Rust/git-ls-l/target/debug/build/libssh2-sys-cbc6fdd97830bc3a/out/build/CMakeFiles/CMakeTmp/CheckIncludeFiles.c
Linking C executable cmTC_73813
/usr/bin/cmake -E cmake_link_script CMakeFiles/cmTC_73813.dir/link.txt --verbose=1
/usr/bin/cc   -O0 -ffunction-sections -fdata-sections -m64 -fPIC -Wall     CMakeFiles/cmTC_73813.dir/CheckIncludeFiles.c.o  -o cmTC_73813 -rdynamic 
make[1]: Leaving directory '/home/corgi/Work/Rust/git-ls-l/target/debug/build/libssh2-sys-cbc6fdd97830bc3a/out/build/CMakeFiles/CMakeTmp'


Determining if the include file sys/types.h exists passed with the following output:
Change Dir: /home/corgi/Work/Rust/git-ls-l/target/debug/build/libssh2-sys-cbc6fdd97830bc3a/out/build/CMakeFiles/CMakeTmp

Run Build Command:"/usr/bin/make" "cmTC_9cb60/fast"
/usr/bin/make -f CMakeFiles/cmTC_9cb60.dir/build.make CMakeFiles/cmTC_9cb60.dir/build
make[1]: Entering directory '/home/corgi/Work/Rust/git-ls-l/target/debug/build/libssh2-sys-cbc6fdd97830bc3a/out/build/CMakeFiles/CMakeTmp'
Building C object CMakeFiles/cmTC_9cb60.dir/CheckIncludeFile.c.o
/usr/bin/cc    -O0 -ffunction-sections -fdata-sections -m64 -fPIC -Wall    -o CMakeFiles/cmTC_9cb60.dir/CheckIncludeFile.c.o   -c /home/corgi/Work/Rust/git-ls-l/target/debug/build/libssh2-sys-cbc6fdd97830bc3a/out/build/CMakeFiles/CMakeTmp/CheckIncludeFile.c
Linking C executable cmTC_9cb60
/usr/bin/cmake -E cmake_link_script CMakeFiles/cmTC_9cb60.dir/link.txt --verbose=1
/usr/bin/cc   -O0 -ffunction-sections -fdata-sections -m64 -fPIC -Wall     CMakeFiles/cmTC_9cb60.dir/CheckIncludeFile.c.o  -o cmTC_9cb60 -rdynamic 
make[1]: Leaving directory '/home/corgi/Work/Rust/git-ls-l/target/debug/build/libssh2-sys-cbc6fdd97830bc3a/out/build/CMakeFiles/CMakeTmp'


Determining if the include file stdint.h exists passed with the following output:
Change Dir: /home/corgi/Work/Rust/git-ls-l/target/debug/build/libssh2-sys-cbc6fdd97830bc3a/out/build/CMakeFiles/CMakeTmp

Run Build Command:"/usr/bin/make" "cmTC_c451c/fast"
/usr/bin/make -f CMakeFiles/cmTC_c451c.dir/build.make CMakeFiles/cmTC_c451c.dir/build
make[1]: Entering directory '/home/corgi/Work/Rust/git-ls-l/target/debug/build/libssh2-sys-cbc6fdd97830bc3a/out/build/CMakeFiles/CMakeTmp'
Building C object CMakeFiles/cmTC_c451c.dir/CheckIncludeFile.c.o
/usr/bin/cc    -O0 -ffunction-sections -fdata-sections -m64 -fPIC -Wall    -o CMakeFiles/cmTC_c451c.dir/CheckIncludeFile.c.o   -c /home/corgi/Work/Rust/git-ls-l/target/debug/build/libssh2-sys-cbc6fdd97830bc3a/out/build/CMakeFiles/CMakeTmp/CheckIncludeFile.c
Linking C executable cmTC_c451c
/usr/bin/cmake -E cmake_link_script CMakeFiles/cmTC_c451c.dir/link.txt --verbose=1
/usr/bin/cc   -O0 -ffunction-sections -fdata-sections -m64 -fPIC -Wall     CMakeFiles/cmTC_c451c.dir/CheckIncludeFile.c.o  -o cmTC_c451c -rdynamic 
make[1]: Leaving directory '/home/corgi/Work/Rust/git-ls-l/target/debug/build/libssh2-sys-cbc6fdd97830bc3a/out/build/CMakeFiles/CMakeTmp'


Determining if the include file stddef.h exists passed with the following output:
Change Dir: /home/corgi/Work/Rust/git-ls-l/target/debug/build/libssh2-sys-cbc6fdd97830bc3a/out/build/CMakeFiles/CMakeTmp

Run Build Command:"/usr/bin/make" "cmTC_b073a/fast"
/usr/bin/make -f CMakeFiles/cmTC_b073a.dir/build.make CMakeFiles/cmTC_b073a.dir/build
make[1]: Entering directory '/home/corgi/Work/Rust/git-ls-l/target/debug/build/libssh2-sys-cbc6fdd97830bc3a/out/build/CMakeFiles/CMakeTmp'
Building C object CMakeFiles/cmTC_b073a.dir/CheckIncludeFile.c.o
/usr/bin/cc    -O0 -ffunction-sections -fdata-sections -m64 -fPIC -Wall    -o CMakeFiles/cmTC_b073a.dir/CheckIncludeFile.c.o   -c /home/corgi/Work/Rust/git-ls-l/target/debug/build/libssh2-sys-cbc6fdd97830bc3a/out/build/CMakeFiles/CMakeTmp/CheckIncludeFile.c
Linking C executable cmTC_b073a
/usr/bin/cmake -E cmake_link_script CMakeFiles/cmTC_b073a.dir/link.txt --verbose=1
/usr/bin/cc   -O0 -ffunction-sections -fdata-sections -m64 -fPIC -Wall     CMakeFiles/cmTC_b073a.dir/CheckIncludeFile.c.o  -o cmTC_b073a -rdynamic 
make[1]: Leaving directory '/home/corgi/Work/Rust/git-ls-l/target/debug/build/libssh2-sys-cbc6fdd97830bc3a/out/build/CMakeFiles/CMakeTmp'


Determining size of long long passed with the following output:
Change Dir: /home/corgi/Work/Rust/git-ls-l/target/debug/build/libssh2-sys-cbc6fdd97830bc3a/out/build/CMakeFiles/CMakeTmp

Run Build Command:"/usr/bin/make" "cmTC_bcc4e/fast"
/usr/bin/make -f CMakeFiles/cmTC_bcc4e.dir/build.make CMakeFiles/cmTC_bcc4e.dir/build
make[1]: Entering directory '/home/corgi/Work/Rust/git-ls-l/target/debug/build/libssh2-sys-cbc6fdd97830bc3a/out/build/CMakeFiles/CMakeTmp'
Building C object CMakeFiles/cmTC_bcc4e.dir/LONGLONG.c.o
/usr/bin/cc    -O0 -ffunction-sections -fdata-sections -m64 -fPIC -Wall    -o CMakeFiles/cmTC_bcc4e.dir/LONGLONG.c.o   -c /home/corgi/Work/Rust/git-ls-l/target/debug/build/libssh2-sys-cbc6fdd97830bc3a/out/build/CMakeFiles/CheckTypeSize/LONGLONG.c
Linking C executable cmTC_bcc4e
/usr/bin/cmake -E cmake_link_script CMakeFiles/cmTC_bcc4e.dir/link.txt --verbose=1
/usr/bin/cc   -O0 -ffunction-sections -fdata-sections -m64 -fPIC -Wall     CMakeFiles/cmTC_bcc4e.dir/LONGLONG.c.o  -o cmTC_bcc4e -rdynamic 
make[1]: Leaving directory '/home/corgi/Work/Rust/git-ls-l/target/debug/build/libssh2-sys-cbc6fdd97830bc3a/out/build/CMakeFiles/CMakeTmp'


Determining if the gettimeofday exist passed with the following output:
Change Dir: /home/corgi/Work/Rust/git-ls-l/target/debug/build/libssh2-sys-cbc6fdd97830bc3a/out/build/CMakeFiles/CMakeTmp

Run Build Command:"/usr/bin/make" "cmTC_94a7c/fast"
/usr/bin/make -f CMakeFiles/cmTC_94a7c.dir/build.make CMakeFiles/cmTC_94a7c.dir/build
make[1]: Entering directory '/home/corgi/Work/Rust/git-ls-l/target/debug/build/libssh2-sys-cbc6fdd97830bc3a/out/build/CMakeFiles/CMakeTmp'
Building C object CMakeFiles/cmTC_94a7c.dir/CheckSymbolExists.c.o
/usr/bin/cc    -O0 -ffunction-sections -fdata-sections -m64 -fPIC -Wall    -o CMakeFiles/cmTC_94a7c.dir/CheckSymbolExists.c.o   -c /home/corgi/Work/Rust/git-ls-l/target/debug/build/libssh2-sys-cbc6fdd97830bc3a/out/build/CMakeFiles/CMakeTmp/CheckSymbolExists.c
Linking C executable cmTC_94a7c
/usr/bin/cmake -E cmake_link_script CMakeFiles/cmTC_94a7c.dir/link.txt --verbose=1
/usr/bin/cc   -O0 -ffunction-sections -fdata-sections -m64 -fPIC -Wall     CMakeFiles/cmTC_94a7c.dir/CheckSymbolExists.c.o  -o cmTC_94a7c -rdynamic 
make[1]: Leaving directory '/home/corgi/Work/Rust/git-ls-l/target/debug/build/libssh2-sys-cbc6fdd97830bc3a/out/build/CMakeFiles/CMakeTmp'

File /home/corgi/Work/Rust/git-ls-l/target/debug/build/libssh2-sys-cbc6fdd97830bc3a/out/build/CMakeFiles/CMakeTmp/CheckSymbolExists.c:
/* */
#include <sys/time.h>

int main(int argc, char** argv)
{
  (void)argv;
#ifndef gettimeofday
  return ((int*)(&gettimeofday))[argc];
#else
  (void)argc;
  return 0;
#endif
}

Determining if the strtoll exist passed with the following output:
Change Dir: /home/corgi/Work/Rust/git-ls-l/target/debug/build/libssh2-sys-cbc6fdd97830bc3a/out/build/CMakeFiles/CMakeTmp

Run Build Command:"/usr/bin/make" "cmTC_56256/fast"
/usr/bin/make -f CMakeFiles/cmTC_56256.dir/build.make CMakeFiles/cmTC_56256.dir/build
make[1]: Entering directory '/home/corgi/Work/Rust/git-ls-l/target/debug/build/libssh2-sys-cbc6fdd97830bc3a/out/build/CMakeFiles/CMakeTmp'
Building C object CMakeFiles/cmTC_56256.dir/CheckSymbolExists.c.o
/usr/bin/cc    -O0 -ffunction-sections -fdata-sections -m64 -fPIC -Wall    -o CMakeFiles/cmTC_56256.dir/CheckSymbolExists.c.o   -c /home/corgi/Work/Rust/git-ls-l/target/debug/build/libssh2-sys-cbc6fdd97830bc3a/out/build/CMakeFiles/CMakeTmp/CheckSymbolExists.c
Linking C executable cmTC_56256
/usr/bin/cmake -E cmake_link_script CMakeFiles/cmTC_56256.dir/link.txt --verbose=1
/usr/bin/cc   -O0 -ffunction-sections -fdata-sections -m64 -fPIC -Wall     CMakeFiles/cmTC_56256.dir/CheckSymbolExists.c.o  -o cmTC_56256 -rdynamic 
make[1]: Leaving directory '/home/corgi/Work/Rust/git-ls-l/target/debug/build/libssh2-sys-cbc6fdd97830bc3a/out/build/CMakeFiles/CMakeTmp'

File /home/corgi/Work/Rust/git-ls-l/target/debug/build/libssh2-sys-cbc6fdd97830bc3a/out/build/CMakeFiles/CMakeTmp/CheckSymbolExists.c:
/* */
#include <stdlib.h>

int main(int argc, char** argv)
{
  (void)argv;
#ifndef strtoll
  return ((int*)(&strtoll))[argc];
#else
  (void)argc;
  return 0;
#endif
}

Determining if the snprintf exist passed with the following output:
Change Dir: /home/corgi/Work/Rust/git-ls-l/target/debug/build/libssh2-sys-cbc6fdd97830bc3a/out/build/CMakeFiles/CMakeTmp

Run Build Command:"/usr/bin/make" "cmTC_12c88/fast"
/usr/bin/make -f CMakeFiles/cmTC_12c88.dir/build.make CMakeFiles/cmTC_12c88.dir/build
make[1]: Entering directory '/home/corgi/Work/Rust/git-ls-l/target/debug/build/libssh2-sys-cbc6fdd97830bc3a/out/build/CMakeFiles/CMakeTmp'
Building C object CMakeFiles/cmTC_12c88.dir/CheckSymbolExists.c.o
/usr/bin/cc    -O0 -ffunction-sections -fdata-sections -m64 -fPIC -Wall    -o CMakeFiles/cmTC_12c88.dir/CheckSymbolExists.c.o   -c /home/corgi/Work/Rust/git-ls-l/target/debug/build/libssh2-sys-cbc6fdd97830bc3a/out/build/CMakeFiles/CMakeTmp/CheckSymbolExists.c
Linking C executable cmTC_12c88
/usr/bin/cmake -E cmake_link_script CMakeFiles/cmTC_12c88.dir/link.txt --verbose=1
/usr/bin/cc   -O0 -ffunction-sections -fdata-sections -m64 -fPIC -Wall     CMakeFiles/cmTC_12c88.dir/CheckSymbolExists.c.o  -o cmTC_12c88 -rdynamic 
make[1]: Leaving directory '/home/corgi/Work/Rust/git-ls-l/target/debug/build/libssh2-sys-cbc6fdd97830bc3a/out/build/CMakeFiles/CMakeTmp'

File /home/corgi/Work/Rust/git-ls-l/target/debug/build/libssh2-sys-cbc6fdd97830bc3a/out/build/CMakeFiles/CMakeTmp/CheckSymbolExists.c:
/* */
#include <stdio.h>

int main(int argc, char** argv)
{
  (void)argv;
#ifndef snprintf
  return ((int*)(&snprintf))[argc];
#else
  (void)argc;
  return 0;
#endif
}

Determining if the function poll exists passed with the following output:
Change Dir: /home/corgi/Work/Rust/git-ls-l/target/debug/build/libssh2-sys-cbc6fdd97830bc3a/out/build/CMakeFiles/CMakeTmp

Run Build Command:"/usr/bin/make" "cmTC_e2d79/fast"
/usr/bin/make -f CMakeFiles/cmTC_e2d79.dir/build.make CMakeFiles/cmTC_e2d79.dir/build
make[1]: Entering directory '/home/corgi/Work/Rust/git-ls-l/target/debug/build/libssh2-sys-cbc6fdd97830bc3a/out/build/CMakeFiles/CMakeTmp'
Building C object CMakeFiles/cmTC_e2d79.dir/CheckFunctionExists.c.o
/usr/bin/cc    -O0 -ffunction-sections -fdata-sections -m64 -fPIC -Wall -DCHECK_FUNCTION_EXISTS=poll   -o CMakeFiles/cmTC_e2d79.dir/CheckFunctionExists.c.o   -c /usr/share/cmake-3.5/Modules/CheckFunctionExists.c
Linking C executable cmTC_e2d79
/usr/bin/cmake -E cmake_link_script CMakeFiles/cmTC_e2d79.dir/link.txt --verbose=1
/usr/bin/cc   -O0 -ffunction-sections -fdata-sections -m64 -fPIC -Wall -DCHECK_FUNCTION_EXISTS=poll    CMakeFiles/cmTC_e2d79.dir/CheckFunctionExists.c.o  -o cmTC_e2d79 -rdynamic 
make[1]: Leaving directory '/home/corgi/Work/Rust/git-ls-l/target/debug/build/libssh2-sys-cbc6fdd97830bc3a/out/build/CMakeFiles/CMakeTmp'


Determining if the function socket exists passed with the following output:
Change Dir: /home/corgi/Work/Rust/git-ls-l/target/debug/build/libssh2-sys-cbc6fdd97830bc3a/out/build/CMakeFiles/CMakeTmp

Run Build Command:"/usr/bin/make" "cmTC_ad376/fast"
/usr/bin/make -f CMakeFiles/cmTC_ad376.dir/build.make CMakeFiles/cmTC_ad376.dir/build
make[1]: Entering directory '/home/corgi/Work/Rust/git-ls-l/target/debug/build/libssh2-sys-cbc6fdd97830bc3a/out/build/CMakeFiles/CMakeTmp'
Building C object CMakeFiles/cmTC_ad376.dir/CheckFunctionExists.c.o
/usr/bin/cc    -O0 -ffunction-sections -fdata-sections -m64 -fPIC -Wall -DCHECK_FUNCTION_EXISTS=socket   -o CMakeFiles/cmTC_ad376.dir/CheckFunctionExists.c.o   -c /usr/share/cmake-3.5/Modules/CheckFunctionExists.c
Linking C executable cmTC_ad376
/usr/bin/cmake -E cmake_link_script CMakeFiles/cmTC_ad376.dir/link.txt --verbose=1
/usr/bin/cc   -O0 -ffunction-sections -fdata-sections -m64 -fPIC -Wall -DCHECK_FUNCTION_EXISTS=socket    CMakeFiles/cmTC_ad376.dir/CheckFunctionExists.c.o  -o cmTC_ad376 -rdynamic 
make[1]: Leaving directory '/home/corgi/Work/Rust/git-ls-l/target/debug/build/libssh2-sys-cbc6fdd97830bc3a/out/build/CMakeFiles/CMakeTmp'


Determining if the function select exists passed with the following output:
Change Dir: /home/corgi/Work/Rust/git-ls-l/target/debug/build/libssh2-sys-cbc6fdd97830bc3a/out/build/CMakeFiles/CMakeTmp

Run Build Command:"/usr/bin/make" "cmTC_0ddb7/fast"
/usr/bin/make -f CMakeFiles/cmTC_0ddb7.dir/build.make CMakeFiles/cmTC_0ddb7.dir/build
make[1]: Entering directory '/home/corgi/Work/Rust/git-ls-l/target/debug/build/libssh2-sys-cbc6fdd97830bc3a/out/build/CMakeFiles/CMakeTmp'
Building C object CMakeFiles/cmTC_0ddb7.dir/CheckFunctionExists.c.o
/usr/bin/cc    -O0 -ffunction-sections -fdata-sections -m64 -fPIC -Wall -DCHECK_FUNCTION_EXISTS=select   -o CMakeFiles/cmTC_0ddb7.dir/CheckFunctionExists.c.o   -c /usr/share/cmake-3.5/Modules/CheckFunctionExists.c
Linking C executable cmTC_0ddb7
/usr/bin/cmake -E cmake_link_script CMakeFiles/cmTC_0ddb7.dir/link.txt --verbose=1
/usr/bin/cc   -O0 -ffunction-sections -fdata-sections -m64 -fPIC -Wall -DCHECK_FUNCTION_EXISTS=select    CMakeFiles/cmTC_0ddb7.dir/CheckFunctionExists.c.o  -o cmTC_0ddb7 -rdynamic 
make[1]: Leaving directory '/home/corgi/Work/Rust/git-ls-l/target/debug/build/libssh2-sys-cbc6fdd97830bc3a/out/build/CMakeFiles/CMakeTmp'


Determining if the function inet_addr exists passed with the following output:
Change Dir: /home/corgi/Work/Rust/git-ls-l/target/debug/build/libssh2-sys-cbc6fdd97830bc3a/out/build/CMakeFiles/CMakeTmp

Run Build Command:"/usr/bin/make" "cmTC_94021/fast"
/usr/bin/make -f CMakeFiles/cmTC_94021.dir/build.make CMakeFiles/cmTC_94021.dir/build
make[1]: Entering directory '/home/corgi/Work/Rust/git-ls-l/target/debug/build/libssh2-sys-cbc6fdd97830bc3a/out/build/CMakeFiles/CMakeTmp'
Building C object CMakeFiles/cmTC_94021.dir/CheckFunctionExists.c.o
/usr/bin/cc    -O0 -ffunction-sections -fdata-sections -m64 -fPIC -Wall -DCHECK_FUNCTION_EXISTS=inet_addr   -o CMakeFiles/cmTC_94021.dir/CheckFunctionExists.c.o   -c /usr/share/cmake-3.5/Modules/CheckFunctionExists.c
Linking C executable cmTC_94021
/usr/bin/cmake -E cmake_link_script CMakeFiles/cmTC_94021.dir/link.txt --verbose=1
/usr/bin/cc   -O0 -ffunction-sections -fdata-sections -m64 -fPIC -Wall -DCHECK_FUNCTION_EXISTS=inet_addr    CMakeFiles/cmTC_94021.dir/CheckFunctionExists.c.o  -o cmTC_94021 -rdynamic 
make[1]: Leaving directory '/home/corgi/Work/Rust/git-ls-l/target/debug/build/libssh2-sys-cbc6fdd97830bc3a/out/build/CMakeFiles/CMakeTmp'


Performing C SOURCE FILE Test HAVE_O_NONBLOCK succeeded with the following output:
Change Dir: /home/corgi/Work/Rust/git-ls-l/target/debug/build/libssh2-sys-cbc6fdd97830bc3a/out/build/CMakeFiles/CMakeTmp

Run Build Command:"/usr/bin/make" "cmTC_578a4/fast"
/usr/bin/make -f CMakeFiles/cmTC_578a4.dir/build.make CMakeFiles/cmTC_578a4.dir/build
make[1]: Entering directory '/home/corgi/Work/Rust/git-ls-l/target/debug/build/libssh2-sys-cbc6fdd97830bc3a/out/build/CMakeFiles/CMakeTmp'
Building C object CMakeFiles/cmTC_578a4.dir/src.c.o
/usr/bin/cc    -O0 -ffunction-sections -fdata-sections -m64 -fPIC -Wall -DHAVE_O_NONBLOCK   -o CMakeFiles/cmTC_578a4.dir/src.c.o   -c /home/corgi/Work/Rust/git-ls-l/target/debug/build/libssh2-sys-cbc6fdd97830bc3a/out/build/CMakeFiles/CMakeTmp/src.c
/home/corgi/Work/Rust/git-ls-l/target/debug/build/libssh2-sys-cbc6fdd97830bc3a/out/build/CMakeFiles/CMakeTmp/src.c: In function ‘main’:
/home/corgi/Work/Rust/git-ls-l/target/debug/build/libssh2-sys-cbc6fdd97830bc3a/out/build/CMakeFiles/CMakeTmp/src.c:24:17: warning: ‘flags’ is used uninitialized in this function [-Wuninitialized]
     int flags = fcntl(socket, F_SETFL, flags | O_NONBLOCK);
                 ^
/home/corgi/Work/Rust/git-ls-l/target/debug/build/libssh2-sys-cbc6fdd97830bc3a/out/build/CMakeFiles/CMakeTmp/src.c:24:9: warning: ‘socket’ is used uninitialized in this function [-Wuninitialized]
     int flags = fcntl(socket, F_SETFL, flags | O_NONBLOCK);
         ^
Linking C executable cmTC_578a4
/usr/bin/cmake -E cmake_link_script CMakeFiles/cmTC_578a4.dir/link.txt --verbose=1
/usr/bin/cc   -O0 -ffunction-sections -fdata-sections -m64 -fPIC -Wall -DHAVE_O_NONBLOCK    CMakeFiles/cmTC_578a4.dir/src.c.o  -o cmTC_578a4 -rdynamic /usr/lib/x86_64-linux-gnu/libssl.so /usr/lib/x86_64-linux-gnu/libcrypto.so /usr/lib/x86_64-linux-gnu/libz.so 
make[1]: Leaving directory '/home/corgi/Work/Rust/git-ls-l/target/debug/build/libssh2-sys-cbc6fdd97830bc3a/out/build/CMakeFiles/CMakeTmp'

Source file was:

#include <sys/types.h>
#include <unistd.h>
#include <fcntl.h>

#if defined(sun) || defined(__sun__) || defined(__SUNPRO_C) || defined(__SUNPRO_CC)
# if defined(__SVR4) || defined(__srv4__)
#  define PLATFORM_SOLARIS
# else
#  define PLATFORM_SUNOS4
# endif
#endif
#if (defined(_AIX) || defined(__xlC__)) && !defined(_AIX41)
# define PLATFORM_AIX_V3
#endif

#if defined(PLATFORM_SUNOS4) || defined(PLATFORM_AIX_V3) || defined(__BEOS__)
#error "O_NONBLOCK does not work on this platform"
#endif

int main()
{
    int socket;
    int flags = fcntl(socket, F_SETFL, flags | O_NONBLOCK);
}
